
> datacollectionserver@1.0.0 start /home/anmolagarwal/Desktop/Applicance-Monitoring/core/dataCollectionServer
> nodemon server.js

[33m[nodemon] 2.0.14[39m
[33m[nodemon] to restart at any time, enter `rs`[39m
[33m[nodemon] watching path(s): *.*[39m
[33m[nodemon] watching extensions: js,mjs,json[39m
[32m[nodemon] starting `node server.js`[39m
Server started
Connected to MongoDB
{
  device: 'HD',
  sender: 'Anmol',
  version: 1,
  iteration: 0,
  delay: 10,
  zeroValue: 14464,
  description: 'Hair dryer first attempt Max power',
  data: [
    -39557,  37518, -36334,  33758, -34454,  35369, -30963,  28655,
    -30963,  33221, -34723,  26775, -31231,  31878, -31500,  26507,
    -31231,  25701, -29889,  25701, -28814,  26775, -33917,  26238,
    -26397,  22479, -24517,  29193, -25860,  20330, -21832,  20599,
    -20221,  22210, -19952,  16302, -22369,  17913, -17266,  12005,
    -22369,   9319, -18878,  13885, -12432,  12005, -11358,   7977,
    -14312,    726, -13775,   3948, -11358,   9319,  -9210,   4217,
     -6793,   3948,  -9747,    726,  -6524,   3411,  -5182,   3143,
     -4913,   4754,  -1422,   -885,  -5182,  -5182,   3411,    726,
      3411,  -1153,   2874,  -5182,  -7867,  -8136,   4217,   -885,
      9051, -12164,   6902, -10284,  -4376,  -8941,  10662, -13775,
     -4107, -35797, -48150,  -7598,  12005, -10284,   3143, -34723,
     14422, -17266,   6365, -60235,
    ... 5900 more items
  ],
  _id: new ObjectId("618b8597c659a4b494472833")
}
{
  device: 'HD',
  sender: 'Anmol',
  version: 1,
  iteration: 1,
  delay: 10,
  zeroValue: 14464,
  description: 'Hair dryer first attempt Max power',
  data: [
    62762, -61578, 64373, -65606, 55779, -62921, 61956, -63726,
    65447, -65338, 69744, -62652, 70550, -61041, 64910, -66143,
    65447, -66949, 63567, -65338, 63299, -65069, 63299, -61847,
    63299, -59161, 66253, -62115, 88543, -67755, 63299, -65069,
    65179, -65069, 61150, -66949, 63567, -60504, 64105, -56744,
    61150, -65338, 63299, -65338, 72161, -64532, 63567, -40094,
    60345, -62384, 62493, -61847, 64910, -63995, 63567, -62115,
    63030, -56744, 61956, -56744, 55242, -58355, 63299, -59161,
    55779, -60235, 58734, -57818, 56585, -59430, 57391, -56207,
    56854, -54058, 51483, -53790, 51751, -52716, 53362, -54864,
    51483, -52984, 49066, -52716, 46917, -52447, 49334, -51373,
    51751, -48150, 45574, -50567, 45037, -48419, 43426, -47345,
    44769, -43316, 45037, -45196,
    ... 5900 more items
  ],
  _id: new ObjectId("618b85d6c659a4b494472836")
}
{
  device: 'HD',
  sender: 'Anmol',
  version: 1,
  iteration: 2,
  delay: 10,
  zeroValue: 14464,
  description: 'Hair dryer first attempt Max power',
  data: [
    -40899,  33489, -35260,  34832, -34723,  36981, -32306,  34295,
    -30963,  33221, -30157,  50140, -26666,  33489, -26666,  29998,
    -25860,  29193, -28277,  25701, -22906,  23284, -23175,  23553,
    -28009,  26775, -21832,  22210,   1800,  24358, -16729,  20867,
    -17804,  16302, -18341,   9319, -13775,  15496, -13507,  17108,
    -12432,  14691,  -9478,  12274, -10284,  13079, -11895,   9051,
     -5987, -14849,  -5182,   9051,  -5182,   5023,  -4644,   5291,
     -4376,   3680,   3680,    994,  -3570,   3411,   3411,  -1690,
       457,  -2496,   3411,  -1153,   6097,  -4913,   8514,  -5450,
      7440,  -5450,  21942,  -5182,   9051,  -8941,  11199, -11895,
     10394,  -8673,  12005,  -9210,  13348, -11895,  17913, -14581,
     20330, -17535,  19256, -17266,  20062, -18341,  21404, -21026,
     22479, -20758,  25164, -19683,
    ... 5900 more items
  ],
  _id: new ObjectId("618b8614c659a4b494472839")
}
{
  device: 'HD',
  sender: 'Anmol',
  version: 1,
  iteration: 3,
  delay: 10,
  zeroValue: 14464,
  description: 'Hair dryer first attempt Max power',
  data: [
     -52447,  59539, -54058,  58465, -65069,  59808, -57281,
      59002, -56744,  62225, -57818,  62762, -55401,  61956,
     -59161,  50408, -58355,  61688, -62384,  61150, -60235,
      66522, -77423,  85858, -58355,  70550, -63995,  57928,
     -58087,  71893, -62921,  92303, -42511,  87737, -76349,
      63836, -79840,  62225, -65069,  90154, -48419,  70818,
    -112335,  62493, -40631,  64373, -16729,  57391, -81720,
      64373, -48956,  98211, -56744,  80486, -86016,  66253,
     -60772,  71893, -52984,  54705, -61309,  83709, -59967,
      67327, -90850,  46380, -58355,  69207, -69903,  40472,
     -56744,  61956, -63726,  27313, -58087,  58734,   1800,
      50677, -72320,  57391, -61847,  37786, -36602,  56854,
     -73932,  60076, -29351,  55242, -50030,  80755, -47076,
      70818, -74200,  51214, -46539,  10662, -43585,   -885,
     -45196,  29998,
    ... 5900 more items
  ],
  _id: new ObjectId("618b8653c659a4b49447283c")
}
{
  device: 'HD',
  sender: 'Anmol',
  version: 1,
  iteration: 4,
  delay: 10,
  zeroValue: 14464,
  description: 'Hair dryer first attempt Max power',
  data: [
     65716, -65338,   64373, -78497,  55779, -63458,  70281,
    -62384,  73235,  -59161,  68939, -63995,  59002, -60772,
     66522, -83868,   69744, -61041,  75921, -72052,  71356,
    -59967,  65179,  -62384,  66253, -61578,  69476, -61041,
     64642, -61847,   64373, -57013,  65984, -62384,  67596,
    -59161,  59539, -113678,  60613, -60504,  62762, -58355,
     60882, -59430,   63836, -56207,  63299, -85479,  56317,
    -54864,  60076,  -49493,  60076, -53790,  57928, -51641,
     56854, -49762,   53900, -50567,  54437, -49493,  54974,
    -47613,  51483,  -56207,  50677, -43048,  42352, -39557,
     42889, -38751,   42352, -39288,  40740, -23175,  41815,
    -33380,  37786,  -35528,  36981, -31231,  36175, -30157,
     33221, -29083,   30535, -26666,  30267, -27740,  29193,
    -23175,  28924,  -43048,  26775, -20489,  25164, -19683,
     25433, -19952,
    ... 5900 more items
  ],
  _id: new ObjectId("618b8694c659a4b49447283f")
}
{
  device: 'HD',
  sender: 'Anmol',
  version: 1,
  iteration: 5,
  delay: 10,
  zeroValue: 14464,
  description: 'Hair dryer first attempt Max power',
  data: [
    21942, -22906, 23553, -23980, 24627, -25055, 25433, -23712,
    29998, -28009, 31609, -26397, 32147, -30157, 35369, -31231,
    29193, -34723, 39666, -33648, 40740, -37140, 18450, -56744,
    47186, -39825, 46380, -44122, 45574, -39557, 46380, -40362,
    50945, -40899, 50677, -43048, 55242, -43048, 53631, -43853,
    53094, -48687, 53900, -45196, 54974, -50836, 54974, -52447,
    55511, -51104, 54974, -50836, 59002, -54058, 56317, -57013,
    49871, -56475, 56854, -75006, 60613, -56744, 61956, -53790,
    62762, -55938, 63567, -57550, 65179, -55938, 63030, -56207,
    64373, -58355, 63567, -58087, 67059, -59161, 66253, -59161,
    48260, -50836, 70281, -60772, 67596, -62384, 70550, -60235,
    65447, -61309, 67059, -61578, 65447, -58355, 64373, -60235,
    69207, -61309, 71624, -62921,
    ... 5900 more items
  ],
  _id: new ObjectId("618b86d7c659a4b494472842")
}
{
  device: 'WM',
  sender: 'Anmol',
  version: 1,
  iteration: 0,
  delay: 10,
  zeroValue: 14507,
  description: 'Washing machine first attempt 2:30 PM  Nov 10',
  data: [
    32576, -27848, 33650, -28385, 33919, -28385, 32308, -27848,
    30965, -28922, 32845, -23819, 29353, -29459, 32039, -26773,
    31502, -27311, 32576, -21402, 34993, -26236, 31770, -23551,
    33650, -29728, 32039, -28116, 32039, -29728, 34456, -22477,
    30428, -28116, 35530, -25699, 28011, -22208, 34725, -30802,
    32039, -23551, 30428, -23819, 31770, -27848, 36336, -23819,
    36067, -31876, 30428, -31876, 30696, -18985, 45198, -20865,
    61849, -19522, 44930, -23551, 51912, -10660, 42244, -17911,
    36067, -18180, 36336, -15494, 32308, -13346, 38216, -10123,
    41438,  -9049, 37679, -11197, 34456, -15494, 39559, -13346,
    37410, -12809, 38484,  -9586, 51106, -12540, 47347, -16837,
    39290,  -5826, 34456,  -4215, 30428,   1961, 30696,    887,
    35799,  -6632, 30696,   6526,
    ... 5900 more items
  ],
  _id: new ObjectId("618b89ebc659a4b494472845")
}
{
  device: 'WM',
  sender: 'Anmol',
  version: 1,
  iteration: 1,
  delay: 10,
  zeroValue: 14507,
  description: 'Washing machine first attempt 2:30 PM  Nov 10',
  data: [
    -28385, 41438, -25162,  9212, -22208, 37142, -26236, 33382,
    -18985, 36067, -13883, 31770, -14957, 32576, -12809, 31770,
     -6900, 33650, -15763, 39827, -13346, 36067,  -6632, 29085,
     -9586, 29622,   -992, 23177,   1155, 24251,  -2604, 21028,
      1961, 16463,   4378, 14852,   5721, 10555,  10286,  8943,
     10286, 10286,  10555, 10286,  10555, 10018,  10286, 10555,
     10555,  7332,  10286,  9749,  10555, 10018,  10555,  9212,
     10555, 10286,  10555,  7601,  10286, 10286,  10286, 10555,
     10555, 10555,  10555, 10555,  10286, 10555,  10555, 10823,
     10286, 10823,  10286, 10555,  10555, 11092,  10286, 10555,
      8675, 10555,  10018, 10555,  10286, 10823,  10286, 10823,
     10555, 10823,   8138, 10823,  10555, 10555,  10286, 10555,
     10018, 10018,   9749, 10286,
    ... 5900 more items
  ],
  _id: new ObjectId("618b8a2bc659a4b494472848")
}
{
  device: 'WM',
  sender: 'Anmol',
  version: 1,
  iteration: 2,
  delay: 10,
  zeroValue: 14507,
  description: 'Washing machine first attempt 2:30 PM  Nov 10',
  data: [
    70979, -53897, 76351, -56852, 79305, -58194, 76351, -56583,
    77962, -57926, 78499, -56046, 74471, -53092, 75276, -52018,
    73665, -49601, 74739, -87467, 70442, -53092, 65877, -45304,
    62923, -43692, 59700, -41007, 58626, -36710, 62117, -39396,
    61580, -42350, 61849, -41007, 61849, -47721, 62654, -44498,
    61580, -43961, 59432, -41007, 56477, -33219, 46810, -32950,
    51106, -38053, 49495, -28653, 50569, -31339, 44393, -27311,
    47615, -21939, 40901, -22745, 37142, -21134, 42513, -17105,
    40364, -18985, 35799, -20865, 40096, -18717, 40901, -20597,
    29353,  -7438, 36067, -10123, 36604, -10929, 27474, -15763,
    31233, -17643, 31233,  -1529, 32576,  -3678, 30696,  -7975,
    23177,  -6095, 24788,  -6632, 19148,  -8243, 19954,  -6900,
    13240,     81, 19148,   -455,
    ... 5900 more items
  ],
  _id: new ObjectId("618b8a68c659a4b49447284b")
}
{
  device: 'WM',
  sender: 'Anmol',
  version: 1,
  iteration: 3,
  delay: 10,
  zeroValue: 14507,
  description: 'Washing machine first attempt 2:30 PM  Nov 10',
  data: [
      94881, -122110,  146712, -125602,  146712, -132315,  147786,
    -117813,  138118, -115934,  138118, -115397,  148055, -122379,
     153157, -124259,  147249, -114054,  135970, -117545,  139461,
    -124259,  137850, -113517,  138924, -113785,  135433, -115397,
     139729, -114859,  135701, -110025,  134627, -107877,  134895,
    -109757,  134358, -108146,  134895, -108951,  135433, -109757,
     137044, -110025,  138924, -111637,  136507, -113517,  140267,
    -113785,  140804, -114054,  141072, -115128,  140804, -114591,
     142415, -114322,  141072, -114591,  142146, -114591,  141878,
    -114591,  141072, -114859,  139461, -114322,  141072, -114054,
     140267, -114054,  139998, -113517,  139461, -112711,  137581,
    -112442,  139461, -111637,  137581, -111100,  137581, -110831,
     136507, -109757,  135433, -110294,  136507, -109757,  130061,
    -108951,  129256, -107071,  130599, -103849,  128450, -104117,
     126839, -102506,
    ... 5900 more items
  ],
  _id: new ObjectId("618b8aa7c659a4b49447284e")
}
{
  device: 'WM',
  sender: 'Anmol',
  version: 1,
  iteration: 4,
  delay: 10,
  zeroValue: 14507,
  description: 'Washing machine first attempt 2:30 PM  Nov 10',
  data: [
     20760,  -8512,  27742, -11466,  31502, -13883,  32845, -16568,
     35799, -18717,  36873, -21939,  40096, -21402,  44930, -23551,
     45735, -24894,  45198, -27311,  51644, -30533,  53523, -32413,
     56477, -35904,  59700, -38053,  58626, -41813,  61043, -42350,
     62386, -44230,  65340, -46646,  68831, -49332,  70711, -49332,
     75008, -50406,  78499, -53897,  80647, -56583,  83602, -59269,
     86287, -61148,  87898, -64371,  89510, -65982,  90315, -67594,
     93001, -69205,  93807, -71622,  96492, -73771, 100789, -75382,
    105086, -76188, 103475, -77799, 105086, -82364, 106697, -81021,
    109114, -83707, 109383, -83976, 111263, -84781, 112337, -88004,
    113680, -87467, 114217, -88272, 116097, -89615, 117708, -91764,
    118245, -92569, 119588, -92569, 120931, -93912, 122005, -94986,
    122273, -96598, 123079, -97135,
    ... 5900 more items
  ],
  _id: new ObjectId("618b8ae5c659a4b494472851")
}
{
  device: 'WM',
  sender: 'Anmol',
  version: 1,
  iteration: 5,
  delay: 10,
  zeroValue: 14507,
  description: 'Washing machine first attempt 2:30 PM  Nov 10',
  data: [
     136238, -111100,  131136, -111100,  132478, -110294,  131941,
    -109220,  133284, -107877,  131673, -105997,  130867, -105729,
     130599, -104923,  130061, -104117,  129256, -102506,  127376,
    -102506,  125765, -101432,  124690, -101163,  124959,  -99552,
     119856,  -98478,  122273,  -96598,  121468,  -96061,  119051,
     -94449,  117439,  -93106,  114754,  -92569,  112068,  -90689,
     113680,  -89615,  106966,  -87735,  112068,  -85587,  107771,
     -79679,  104549,  -81021,  103206,  -75919,  101326,  -76725,
      93001,  -74576,   96492,  -74039,   87093,  -74039,   91927,
     -66251,   83064,  -65714,   85481,  -66251,   80916,  -56852,
      79305,  -58194,   72591,  -54435,   70979,  -54703,   70174,
     -49869,   65608,  -45572,   65071,  -47721,   68294,  -40201,
      55403,  -42618,   60774,  -36710,   59163,  -35904,   52181,
     -32145,   53523,  -31339,   52718,  -29728,   45467,  -30533,
      45198,  -23551,
    ... 5900 more items
  ],
  _id: new ObjectId("618b8b24c659a4b494472854")
}
{
  device: 'WM',
  sender: 'Anmol',
  version: 1,
  iteration: 6,
  delay: 10,
  zeroValue: 14507,
  description: 'Washing machine first attempt 2:30 PM  Nov 10',
  data: [
    -105460,  131136, -105460,  139192, -107877,  129256, -103580,
     133821, -103580,  138655, -105191,  137044, -109757,  139729,
    -114054,  138118, -116471,  144026, -109757,  142146, -116739,
     140267, -110294,  133821, -110025,  143489, -106266,  139461,
    -105460,  140804, -108146,  144026, -107071,  145906, -111368,
     143489, -108146,  144563, -109757,  142415, -109488,  143221,
    -111100,  139461, -105997,  145369, -110563,  139998, -115665,
     141341, -113517,  140267, -117813,  145638, -110294,  138387,
    -108951,  139729, -107071,  140804, -111368,  132747, -105997,
     132747, -106803,  132478, -105191,  137850, -106266,  138655,
    -109220,  137850, -108951,  139461, -109488,  140267, -109757,
     141878, -109757,  141878, -112980,  142684, -111368,  141878,
    -110294,  142146, -111368,  139729, -112711,  139461, -112711,
     140267, -111100,  142415, -111100,  142415, -111368,  141878,
    -110025,  141072,
    ... 5900 more items
  ],
  _id: new ObjectId("618b8b63c659a4b494472857")
}
{
  device: 'WM',
  sender: 'Anmol',
  version: 1,
  iteration: 7,
  delay: 10,
  zeroValue: 14507,
  description: 'Washing machine first attempt 2:30 PM  Nov 10',
  data: [
    -46378,  76619, -52555,  77962, -53360,  79305, -53897,
     83333, -57926,  82259, -58731,  83602, -60611,  83870,
    -59000,  87898, -61148,  88704, -64908,  89778, -62760,
     90853, -64103,  92464, -65982,  93538, -66520,  94612,
    -68399,  96224, -68131,  95955, -68937,  97029, -71354,
     99983, -71622, 102132, -72696, 102132, -75382, 103475,
    -76188, 102669, -75382, 103206, -75650, 106429, -76456,
    107234, -78336, 108309, -79142, 108309, -79947, 109920,
    -81021, 110188, -81559, 109383, -83439, 112874, -83439,
    113411, -83976, 113680, -84244, 113680, -84781, 113143,
    -85318, 116634, -86661, 116634, -87735, 117171, -88272,
    117708, -88541, 118782, -89078, 118782, -89615, 119588,
    -91227, 121468, -92032, 122273, -92032, 122273, -92301,
    122273, -92838, 123079, -93912, 124690, -95255, 124690,
    -95255, 126033,
    ... 5900 more items
  ],
  _id: new ObjectId("618b8ba0c659a4b49447285a")
}
{
  device: 'WM',
  sender: 'Anmol',
  version: 1,
  iteration: 8,
  delay: 10,
  zeroValue: 14507,
  description: 'Washing machine first attempt 2:30 PM  Nov 10',
  data: [
    10018, 10555,  9212, 10286,  9212, 10286, 10286, 10555,
     8675, 12166, 11092, 12166, 11092, 11897, 10823, 11897,
    10555, 11897, 10823, 10286,  8675, 10018,  9212, 10555,
    10018, 10823, 10823, 11360, 10555, 11629, 11092, 11360,
    10555, 11897, 10555, 11360, 10555, 11360, 10555, 10555,
     8138, 10286, 10018, 10286,  8943, 10555, 10286, 10018,
     8943, 10555, 11360, 11897, 10555, 11092, 10555, 11360,
    10555, 11092, 10555, 11360, 10555, 11092, 10555, 11092,
    10823, 11092, 10555, 11092, 10555, 10823, 10555, 11629,
    10555, 10823, 10555, 11092, 10555, 10823, 10286, 11360,
     8675, 11092, 10823, 11092, 10555, 11360, 10555, 11092,
    10555, 11092,  8675, 10018, 10555, 11092, 10823, 11897,
    11092, 10823, 10555, 11360,
    ... 5900 more items
  ],
  _id: new ObjectId("618b8bdfc659a4b49447285d")
}
{
  device: 'WM',
  sender: 'Anmol',
  version: 1,
  iteration: 9,
  delay: 10,
  zeroValue: 14507,
  description: 'Washing machine first attempt 2:30 PM  Nov 10',
  data: [
    -115934,  143758, -120499,  138655, -113785,  141072, -117813,
     141341, -112980,  134895, -107071,  137850, -109220,  135970,
    -109757,  135164, -107340,  137581, -110294,  138118, -109488,
     138655, -109757,  135433, -108414,  134358, -108951,  134895,
    -105191,  138118, -105191,  131673, -105460,  131404, -101163,
     131136, -104923,  131673, -102506,  133553, -104654,  131136,
    -103043,  134627, -107877,  130867, -105460,  131673, -104117,
     139729, -104117,  135164, -105997,  133553, -107071,  134895,
    -105997,  137850, -105460,  132210, -108951,  133553, -104117,
     137044, -105191,  136775, -103580,  139729, -105997,  140804,
    -107340,  140267, -118619,  139461, -112711,  138387, -114054,
     141072, -116471,  141072, -121842,  142415, -113785,  142146,
    -116739,  142415, -115934,  138924, -110563,  137044, -110294,
     139192, -109757,  145369, -110025,  143489, -109488,  139998,
    -114591,  139461,
    ... 5900 more items
  ],
  _id: new ObjectId("618b8c1dc659a4b494472860")
}
{
  device: 'WM',
  sender: 'Anmol',
  version: 1,
  iteration: 10,
  delay: 10,
  zeroValue: 14507,
  description: 'Washing machine first attempt 2:30 PM  Nov 10',
  data: [
     -7975, 34456, -15494, 30428, -15763, 38216, -15494, 35799,
    -16031, 34993, -15226, 33919, -11466, 36336, -15226, 35530,
    -14420, 38753, -16031,  4915, -16568, 39290, -20060, 36604,
    -18180, 41170, -18717, 42513, -17643, 44930, -19254, 46272,
    -20865, 44930, -16568, 45198, -19254, 49495, -24356, 45735,
    -23282, 44661, -24088, 46272, -27311, 46541, -25431, 43855,
    -23014, 48958, -24356, 51644, -27042, 53523, -27042, 53792,
    -28922, 53255, -25162, 49227, -25699, 51644, -28116, 45735,
    -26236, 47884, -24894, 50569, -23819, 46810, -23551, 49227,
    -27042, 49227, -27848, 48958, -27848, 51106, -29459, 54061,
    -32950, 55940, -33756, 57015, -34024, 57552, -31607, 52718,
    -28653, 48421, -24088, 49764, -26505, 49764, -26773, 50032,
    -26773, 46541, -24356, 48689,
    ... 5900 more items
  ],
  _id: new ObjectId("618b8c5cc659a4b494472863")
}
{
  device: 'WM',
  sender: 'Anmol',
  version: 1,
  iteration: 11,
  delay: 10,
  zeroValue: 14507,
  description: 'Washing machine first attempt 2:30 PM  Nov 10',
  data: [
     8943, 10555,  8675, 10018,  8675, 10018,  8943,  9212,
     9212, 10555, 10823, 10823, 10555, 11360, 10555, 11360,
    10555, 10823,  8675, 10823, 10555, 10823, 10555, 11092,
    10555, 11360, 10555, 11092,  7601, 11360, 10555, 11092,
    10555, 10823, 10286, 11897, 10555, 10823, 10555, 10555,
    10555, 11092, 10823, 10823, 10823, 11360, 10555, 11360,
    10555, 12166, 10823, 11360, 10823, 10823, 10823, 11897,
    10555, 10555, 10555, 10018, 10823, 11360, 10555, 10823,
    10555, 11092, 10555, 10823, 10823, 10286, 10555, 10555,
    10823, 10823, 10555, 11092, 10555, 10823, 10555, 11360,
    10555, 11092, 10555, 10823, 10823, 11092, 10555, 11360,
    11092, 11092, 10555, 11629, 10555, 11360, 10555, 11629,
    10823, 11092, 10823, 11092,
    ... 5900 more items
  ],
  _id: new ObjectId("618b8c9bc659a4b494472866")
}
{
  device: 'WM',
  sender: 'Anmol',
  version: 1,
  iteration: 12,
  delay: 10,
  zeroValue: 14507,
  description: 'Washing machine first attempt 2:30 PM  Nov 10',
  data: [
    40901, -20865, 44393, -21134, 44930, -23819, 47347, -20060,
    49764, -23551, 48958, -22477, 48421, -22477, 47884, -20060,
    48958, -23551, 46272, -26236, 46541, -27311, 47615, -26773,
    47615, -25431, 44930, -23282, 46810, -21134, 49227, -23819,
    49495, -24356, 49227, -23819, 48958, -26505, 50838, -23819,
    50838, -23819, 47615, -24088, 46272, -21939, 46810, -21402,
    48421, -24088, 47615, -23819, 50838, -24356, 48958, -25699,
    49227, -26773, 51644, -28922, 50032, -24625, 49764, -26505,
    53523, -29996, 50032, -26773, 51106, -28385, 50301, -28653,
    51106, -26773, 50569, -25162, 51912, -29728, 53523, -30533,
    55135, -29459, 56477, -31339, 53523, -30533, 52181, -31339,
    56477, -32682, 59163, -36710, 60506, -35367, 60506, -35904,
    61312, -33756, 54598, -31876,
    ... 5900 more items
  ],
  _id: new ObjectId("618b8cdac659a4b494472869")
}
{
  device: 'WM',
  sender: 'Anmol',
  version: 1,
  iteration: 13,
  delay: 10,
  zeroValue: 14507,
  description: 'Washing machine first attempt 2:30 PM  Nov 10',
  data: [
     3841, 14046,  1961, 14583,  -455, 16463,  -724, 14852, -1261,
    15926,    81, 17537,   350, 18611,   350, 18343,  1155, 18611,
      350, 18343,  1155, 19148,   618, 18074,    81, 19148,   350,
    18880,  1155, 16463, -1798, 16463, -2604, 19148, -2872, 19686,
      350, 18880,  -455, 15120,  -455, 19954,  2498, 19148,  5989,
    21834,  7063, 19148,   618, 14852,  3572, 16731,  1692, 22102,
     4109, 13240,    81, 17537,  4378, 19148,  3841, 14583,  2767,
    17269,  5452, 21028,  6795, 14583,  1961, 18343,  1961, 19417,
     6795, 19417,  5989, 16731,  6795, 14852, 10286, 19148,  6258,
    16194,  4646, 15389,  9749, 19954,  7869, 18611,  3572, 16463,
     5721, 19954,  4378, 17269,  2229, 15389,  2229, 17269,  1692,
    20760,
    ... 5900 more items
  ],
  _id: new ObjectId("618b8d18c659a4b49447286c")
}
{
  device: 'WM',
  sender: 'Anmol',
  version: 1,
  iteration: 14,
  delay: 10,
  zeroValue: 14507,
  description: 'Washing machine first attempt 2:30 PM  Nov 10',
  data: [
    10823,  7332, 10823,  7063, 10555,  8138, 10555,  8138, 10555,
     7332, 10555,  6795, 14314, 10286, 12972,  9749, 13240,  9749,
    10555, 10018, 12972,  9212, 12435,  9749, 13240,  9749, 12435,
     9749, 12972,  9480, 12972,  9480, 13240,  9212, 12972,  9212,
    13240, 10555, 11897,  9480, 13509,  9212, 12703,  8943, 12435,
     9749, 12972,  8943, 12435,  6258, 12972, 10286, 13240,  9749,
    12435,  8675, 13240,  9749, 13240,  6795, 13509,  9212, 13509,
     8943, 12435,  9749, 12972,  9212, 13509,  9749, 13240,  9212,
    12703,  8138, 13509,  7601, 12972,  8943, 12435,  9212, 12972,
     9480, 12972,  9749, 12972,  9212, 12972,  8675, 14046,  7601,
    11092,  7869, 13509,  8675, 14314,  7332, 13240,  8138, 13509,
     8675,
    ... 5900 more items
  ],
  _id: new ObjectId("618b8d56c659a4b49447286f")
}
{
  device: 'WM',
  sender: 'Anmol',
  version: 1,
  iteration: 15,
  delay: 10,
  zeroValue: 14507,
  description: 'Washing machine first attempt 2:30 PM  Nov 10',
  data: [
     1424, 19417,  -455, 19148,  -455, 18880,   350, 18880,  -724,
    19148,  1692, 20491,  2229, 21028,  1961, 20491,  1961, 20223,
     1961, 19686,  1961, 20760,  2229, 19686,  2229, 19686,   887,
    18880,   618, 18343,   618, 18880,  2229, 19954,  2229, 19148,
      618, 20491,  2498, 19686,  2767, 19954,  1961, 19686,  3035,
    19148,   618, 19417,  2767, 19686,  3304, 19417,  2767, 19148,
     1961, 19148,  3572, 19148,  2767, 19148,  3304, 19148,  3572,
    19417,  2767, 19148,  2767, 19148,  2767, 19148,  3304, 19148,
     1961, 19148,  2498, 19148,  3572, 17269,  3304, 19417,  4646,
    19148,  3035, 19417,  3572, 18880,  4378, 16194,  5721, 18880,
     3841, 19148,  4109, 19148,  3572, 19148,  4378, 18880,  3841,
    19148,
    ... 5900 more items
  ],
  _id: new ObjectId("618b8d94c659a4b494472872")
}
{
  device: 'WM',
  sender: 'Anmol',
  version: 1,
  iteration: 16,
  delay: 10,
  zeroValue: 14507,
  description: 'Washing machine first attempt 2:30 PM  Nov 10',
  data: [
    49227, -31070, 51912, -29459, 53523, -31070, 53523, -32145,
    53523, -30802, 52718, -30802, 53523, -29728, 50569, -27311,
    52181, -25162, 54866, -28922, 55135, -28116, 50569, -29190,
    52718, -31070, 50032, -29996, 49227, -24356, 53523, -27848,
    52181, -32413, 50569, -28922, 51106, -28116, 52986, -26773,
    50032, -27311, 47884, -27848, 50569, -28116, 50032, -26773,
    52718, -26236, 52181, -28385, 47347, -27311, 45198, -22208,
    46541, -24625, 48421, -24356, 48421, -23551, 47347, -27311,
    44930, -26236, 44930, -23819, 45198, -26505, 45467, -25162,
    50569, -24894, 52181, -27042, 52449, -27848, 50569, -27848,
    49227, -26505, 50838, -28385, 46810, -23819, 48689, -26236,
    48958, -26505, 50032, -28385, 51106, -30802, 52449, -31876,
    55403, -32413, 55403, -32413,
    ... 5900 more items
  ],
  _id: new ObjectId("618b8dd1c659a4b494472875")
}
{
  device: 'WM',
  sender: 'Anmol',
  version: 1,
  iteration: 17,
  delay: 10,
  zeroValue: 14507,
  description: 'Washing machine first attempt 2:30 PM  Nov 10',
  data: [
     9480,  10018,  9212,  10555, 10555,  10286,  9212,  10018,
    10018,  10286, 12435,  10555, 14314,   7063, 15657,   8138,
    15120,   7869, 16731,   6795, 16731,   5721, 21834,   4646,
    23982,   -724, 19954,  -2066, 19417,   1424, 26131,   -992,
    28279,  -3141, 31770,  -6632, 27742,  -8243, 27742, -20328,
    31770,  -8243, 36067, -15494, 32576, -14957, 46810, -13883,
    44661, -11197, 34456, -18448, 36336, -21134, 39559, -14957,
    36873, -15226, 44930, -26236, 48689, -25431, 45735, -27848,
    44661, -27311, 48958, -27579, 51106, -41007, 48958, -28385,
    56209, -29459, 52986, -31607, 63728, -49869, 62386, -42350,
    58089, -35367, 53523, -31070, 61580, -38590, 64803, -41007,
    79573, -47721, 71248, -44498, 58357, -38053, 68831, -42350,
    70711, -50138, 74471, -49869,
    ... 5900 more items
  ],
  _id: new ObjectId("618b8e0fc659a4b494472878")
}
{
  device: 'WM',
  sender: 'Anmol',
  version: 1,
  iteration: 18,
  delay: 10,
  zeroValue: 14507,
  description: 'Washing machine first attempt 2:30 PM  Nov 10',
  data: [
     9212,  8138, -50406, 10018,  9749,  9480,  9212,  9749,
     9212, 10555,  10823, 10555, 11092, 10555, 10555, 10555,
    10823, 10555,   8138, 10555, 10555, 10555, 10555, 10555,
    10555, 10555,  10555, 10555,  7869, 10555, 10555, 10555,
    10555, 10286,  10555, 10823, 10555, 10555, 10823, 10555,
    10555, 10555,  10823, 10555, 10555, 10555, 10555, 10555,
    10555,  8675,  10555, 10555, 10555, 10555, 10823, 10286,
    10555, 10555,  10555,  9749,  9212, 10555, 10555, 10286,
    11360, 10555,  10823, 10555, 10555,  8138, 11360, 10555,
    10555, 10555,  10823, 10286, 10555, 10555, 10823, 10555,
    11092, 10286,  11092, 10555, 10555, 10555, 11092, 10555,
    10555, 10286,  10555, 10286, 10555, 10286, 10555, 10555,
    10555, 10286,  10823, 10555,
    ... 5900 more items
  ],
  _id: new ObjectId("618b8e4dc659a4b49447287b")
}
{
  device: 'WM',
  sender: 'Anmol',
  version: 1,
  iteration: 19,
  delay: 10,
  zeroValue: 14507,
  description: 'Washing machine first attempt 2:30 PM  Nov 10',
  data: [
    65071, -45841,  61312, -39664,  58894, -45841, 63728, -48795,
    62117, -44767,  66145, -40738,  70979, -50943, 68831, -46915,
    69368, -42887,  73128, -49601,  75813, -59537, 71517, -53897,
    77156, -57926,  74202, -50943,  59163, -40201, 70711, -48795,
    88436, -63565,  76351, -54435,  73128, -50138, 79842, -58194,
    75813, -54435,  70711, -49601,  84407, -65177, 87898, -65177,
    81185, -58731,  92464, -68131, 104549, -81290, 85213, -65177,
    84944, -57389,  96492, -74845,  89241, -68668, 74471, -54166,
    88436, -68131, 109651, -86930,  91927, -71891, 78768, -55777,
    78499, -56852,  80110, -56583,  84944, -63028, 93538, -73771,
    83333, -64908,  81722, -56852,  83602, -58463, 81185, -58463,
    69905, -43961,  70442, -51480,  83602, -61148, 84944, -62760,
    83064, -60611,  91390, -64640,
    ... 5900 more items
  ],
  _id: new ObjectId("618b8e8bc659a4b49447287e")
}
{
  device: 'WM',
  sender: 'Anmol',
  version: 1,
  iteration: 20,
  delay: 10,
  zeroValue: 14507,
  description: 'Washing machine first attempt 2:30 PM  Nov 10',
  data: [
     9480,  9749,  9480, 10555,  9480, 10286,  9749, 10555,
     9212, 10286,  9212,  9749,  9480,  9749, 10018,  9212,
    10823, 11360, 11897, 11360, 10555, 12166, 10823, 11897,
    10555, 11092, 10555, 10555,  8138, 10555, 10555, 10823,
    10555, 10823, 10555, 10555, 10555, 10823,  8138, 10823,
    10823, 11360, 10555, 10823, 10555, 11092, 10555, 10823,
    10555, 10823, 10823, 11092, 10555, 10555, 10555, 10555,
    10555, 10823, 10555, 11360, 10555, 10555, 10555, 10823,
    10555, 10555, 10555, 10555, 10555,  8675, 10555, 10555,
    10555, 10555, 10555, 10555, 10555, 10555, 10555,  7869,
    10823, 10555, 10555, 10555, 10555, 10823, 10555, 10823,
    11360, 10555, 10555, 10823, 10823, 10555, 10286, 10555,
    10555, 10555, 10555, 10555,
    ... 5900 more items
  ],
  _id: new ObjectId("618b8ec9c659a4b494472881")
}
{
  device: 'WM',
  sender: 'Anmol',
  version: 1,
  iteration: 21,
  delay: 10,
  zeroValue: 14507,
  description: 'Washing machine first attempt 2:30 PM  Nov 10',
  data: [
     7869, 10823,  7869, 10555,  8138, 11360,  7869, 10823,
     6795, 10555, 10286, 12972, 10286, 11360, 10286, 12166,
    10018, 12435,  8138, 10555,  8138, 10555,  7869, 10823,
     8138, 12435, 10555, 12435, 10555, 12972, 10555, 12435,
    10286, 12435, 10555, 12435, 10555, 12435, 10555, 10555,
    10555, 12166, 10018, 12435, 10555, 12435, 10555, 12972,
    10555,  9480, 10555, 12166, 10555, 11360, 10555, 11629,
    10555, 11897, 10555,  9212, 10555, 10823, 10823, 12166,
    10555, 11092, 10555, 11092, 10555, 11092,  8138, 11360,
    10555, 11092, 10555, 11092, 10823, 10823, 10555, 10555,
    10555, 10823, 10555, 10555, 10555, 10823, 10555, 11629,
    10555, 10555,  9212, 10555, 10555, 10823, 10555, 10823,
    10555, 10555, 10555, 10555,
    ... 5900 more items
  ],
  _id: new ObjectId("618b8f07c659a4b494472884")
}
{
  device: 'WM',
  sender: 'Anmol',
  version: 1,
  iteration: 22,
  delay: 10,
  zeroValue: 14507,
  description: 'Washing machine first attempt 2:30 PM  Nov 10',
  data: [
     10555,  8406, 10018,  7869, 10286,  8406,  9749,  8675,
     10018,  8406, 11360, 10555, 11360, 10018, 11897, 10555,
     11092, 10018,  9212,  8943, 10018,  8675,  9749,  8675,
    -45035,  8138,  9749,  9212, 10018,  3572, 11897, 10555,
     11360, 10555, 11092, 10286, 10555, 10018, 11092, 10555,
     10823, 10555, 11092, 10555, 11092, 10555, 10823, 10555,
     11360,  8138, 11092, 10555, 11360, 10555, 11360, 10555,
     11092, 10555, 10823,  7063, 10555, 10286, 10823, 10555,
     10555, 10555, 10823, 10286, 10823, 10555,  9480, 10555,
     10555, 10555, 10555, 10555, 10823, 10555, 11629, 10555,
     10823, 10555, 10555, 10555, 10555, 10555, 10555, 10555,
     10555, 10555,  9212, 10555, 10555, 10555, 10823, 10555,
     10555, 10555, 10555, 10286,
    ... 5900 more items
  ],
  _id: new ObjectId("618b8f45c659a4b494472887")
}
{
  device: 'WM',
  sender: 'Anmol',
  version: 1,
  iteration: 23,
  delay: 10,
  zeroValue: 14507,
  description: 'Washing machine first attempt 2:30 PM  Nov 10',
  data: [
    10555,  9212, 10555,  7869,  9212, 10823, 11360, 10555,
    11360, 10555, 11092, 10555, 11092, 10555, 11360, 10286,
    11360, 10555, 10823,  7869,  9212,  8943, 10555,  8943,
    10286, 10555, 11360, 10555, 11360,  8943, 11092, 10286,
    10823, 10286, 11360, 10018, 11360, 10555, 11092,  8138,
    11092, 10555, 10823, 10555, 10555, 10286, 11629, 10555,
    11092, 10286, 11092, 10555, 11360, 10555, 10823, 10286,
    10555, 10555, 11092, 10555, 10555, 10286, 10555, 10555,
    10823, 10823, 10823, 10555, 11092, 10555, 10286, 10555,
    11092, 10286, 10555, 10555, 10823, 10286, 10823, 10555,
    10018, 10555, 10555, 10286, 11092, 10555, 10555, 10555,
    10555, 10555, 10555, 10555, 10823, 10555, 10555, 10018,
    10555, 10555, 10823, 10286,
    ... 5900 more items
  ],
  _id: new ObjectId("618b8f83c659a4b49447288a")
}
{
  device: 'WM',
  sender: 'Anmol',
  version: 1,
  iteration: 24,
  delay: 10,
  zeroValue: 14507,
  description: 'Washing machine first attempt 2:30 PM  Nov 10',
  data: [
     138118, -110563,  137850, -115397,  135164, -111100,  131673,
    -106803,  134895, -105191,  139461, -109488,  139729, -109488,
     139461, -109220,  140267, -113248,  138118, -114859,  134358,
    -108414,  139729, -116471,  134895, -108951,  133821, -105997,
     133821, -105729,  140535, -109757,  139461, -107877,  138655,
    -109757,  139461, -107071,  133553, -107071,  133553, -105191,
     144563, -106803,  137581, -106803,  138118, -111368,  138655,
    -110563,  139461, -106803,  133821, -107877,  143758, -106266,
     138387, -109220,  147518, -112174,  139998, -112442,  152889,
    -112711,  140804, -112174,  148323, -110294,  140535, -112174,
     138655, -108146,  140267, -109488,  144026, -113248,  143221,
    -112174,  142415, -112174,  142415, -113785,  140267, -115128,
     139998, -113785,  141072, -115665,  142146, -116739,  140267,
    -112174,  139461, -109757,  142146, -109488,  145101, -112711,
     140804, -112711,
    ... 5900 more items
  ],
  _id: new ObjectId("618b8fc1c659a4b49447288d")
}
{
  device: 'WM',
  sender: 'Anmol',
  version: 1,
  iteration: 25,
  delay: 10,
  zeroValue: 14507,
  description: 'Washing machine first attempt 2:30 PM  Nov 10',
  data: [
     8138, 10555,  7869, 10555,  7869, 10286,  8675, 10286,  8138,
    10286, 10555, 11360, 10286, 11897,  9749, 11360, 10018, 11360,
     7332, 10555,  7869, 10555,  8138, 10286,  8675, 12703,  9212,
    11897, 10555, 10286,  9749, 11897, 10286, 10823, 10286, 11897,
     9749, 11629,  9749, 10286, 10286, 12435, 10018, 11897, 10555,
    12166,  9212, 12166,  9749, 10555, 10555, 11360,  9749, 11897,
     9749, 12435,  9749, 12435, 10018, 10555,  9749, 12166,  9749,
    12435,  8675, 12435,  9480, 11360,  9212, 12435, 10018, 12972,
     9749, 13240, 10018, 12166, 10555, 11897,  9212, 12166, 10018,
    12703,  9749, 12166,  9749, 12435,  9212, 12435, 10018, 12435,
     7063, 13240, 10018, 12166,  9212, 12435,  9480, 12435,  9749,
    14314,
    ... 5900 more items
  ],
  _id: new ObjectId("618b8fffc659a4b494472890")
}
{
  device: 'WM',
  sender: 'Anmol',
  version: 1,
  iteration: 26,
  delay: 10,
  zeroValue: 14507,
  description: 'Washing machine first attempt 2:30 PM  Nov 10',
  data: [
    -28385, 47347, -28116, 45198, -25162, 50569, -28653, 47347,
    -28116, 42244, -22477, 44661, -22477, 44124, -22477, 49227,
    -27579, 47884, -24894, 43050, -25162, 42513, -23819, 41707,
    -21402, 49764, -26236, 47884, -26236, 47884, -23819, 45735,
    -25162, 53255, -29190, 48421, -28922, 47884, -28116, 49495,
    -24088, 45735, -25162, 51106, -29459, 53523, -29728, 48958,
    -26236, 46810, -25162, 44930, -23282, 43050, -20328, 47615,
    -24356, 45735, -23819, 43587, -20328, 40901, -19791, 39827,
    -16568, 47884, -22208, 43587, -21402, 38216, -19522, 39021,
    -18717, 38216, -16568, 42244, -19791, 43587, -21134, 39827,
    -20865, 44661, -18717, 45198, -25431, 46272, -23819, 44930,
    -21402, 43855, -25699, 44393, -20865, 43855, -20865, 47078,
    -25162, 46272, -23819, 44930,
    ... 5900 more items
  ],
  _id: new ObjectId("618b903dc659a4b494472893")
}
{
  device: 'IR',
  sender: 'Anmol',
  version: 1,
  iteration: 0,
  delay: 10,
  zeroValue: 14566,
  description: 'Iron first attempt 3PM Nov 10',
  data: [
        12,  -5627, -13683,  21496,  -5090, -12072,   8337,  -7775,
     20153,  -4553,   9680,  17199,  18005,  13171,  27136,  12902,
    -14489,   9948,  20959,  -3478,  34387, -24157,  13171, -15563,
     29016,  18542, -24963,  18811,   8874,  -4284,  11291,    817,
    -10998, -23889,  26062,   6189,  36804, -12878,  -7238,  -6701,
    -16369, -17175,   8874,  -8581,    549,  -4016, -12878,   2697,
     10485,     12,  -9118, -48596,  12902,  15857,  -2404,     12,
    -17980,  13977, -16638,   9143,  -9118,   5114,   8606,  -4284,
      2697, -19592,  32507,  16931,   8606,  -8312,   2697, -19860,
     -3747,  18811,  -4553,   4846,    280, -19055,     12,  17199,
     14514,  -6970,  16662,  25793, -31945, -25231, -24157,     12,
      -256,  -2941, -19592, -11266,  -5895, -14221,  42981,  14245,
      4040,   6726,  -6970,  -2404,
    ... 5900 more items
  ],
  _id: new ObjectId("618b94c1c659a4b494472896")
}
{
  device: 'IR',
  sender: 'Anmol',
  version: 1,
  iteration: 1,
  delay: 10,
  zeroValue: 14566,
  description: 'Iron first attempt 3PM Nov 10',
  data: [
     25525,  47815,  18005, -31677, -20397,  13440,  32776,   1892,
      -793,  31433,   5383,  29821, -10461,  17199,  40026,  12902,
    -27917,  18005,     12, -19860,  -8849,  28747,  13171,   5114,
      2966,   9948, -15563,   9143,  -2404,   9143,  21228,  10217,
     23376,  -4284,     12, -14221,  21765,   8606, -35436,   2697,
       280,  17199, -20129,  34118,  -6432,    817,  -2941,  -9118,
     21765,   6189,  -2673,  33044, -19055,  21496,  17736,   6189,
    -22814, -17175,  16125,  -4821,  -2673,   -256, -13415,  -3747,
     13440,   2966,  15051,  -5895,   5920, -19055,  -4016,   8874,
     20422,  20153, -25768,  -6970,  22033, -16638,   8337, -12341,
     -1330,  10217,   8874, -19055,   3234,   6189, -13146,  12902,
     33850, -14758,  17199,  -4284,  16394,  25793,  27404,   1892,
     27136,  11291,  32238,  21228,
    ... 5900 more items
  ],
  _id: new ObjectId("618b94ffc659a4b494472899")
}
{
  device: 'IR',
  sender: 'Anmol',
  version: 1,
  iteration: 2,
  delay: 10,
  zeroValue: 14566,
  description: 'Iron first attempt 3PM Nov 10',
  data: [
    80847, 60974, 54528, 69299, 70642, 59900, 47009, 78161,
    59900, 57751, 34387, 70642, 69299, 68762, 77893, 94006,
    73059, 57751, 67150, 50500, 78698, 42981, 46203, 81652,
    76013, 35193, 68225, 67688, 69836, 57483, 77356, 82995,
    52917, 72522, 81652, 69836, 57214, 81115, 63391, 40564,
    68762, 83801, 82995, 94543, 94275, 69568, 60974, 66613,
    86218, 77624, 63659, 96423, 69568, 57214, 67956, 78967,
    77356, 60168, 71716, 71447, 64196, 63122, 58825, 52649,
    83532, 72790, 51574, 66882, 74939, 73327, 51037, 82995,
    51574, 74401, 60168, 90783, 54260, 51843, 63659, 93737,
    78698, 85681, 90246, 71716, 84069, 92932, 56945, 89441,
    92126, 60168, 77893, 89441, 54528, 53991, 69030, 70373,
    60168, 63659, 51843, 51037,
    ... 5900 more items
  ],
  _id: new ObjectId("618b953dc659a4b49447289c")
}
{
  device: 'IR',
  sender: 'Anmol',
  version: 1,
  iteration: 3,
  delay: 10,
  zeroValue: 14566,
  description: 'Iron first attempt 3PM Nov 10',
  data: [
    -13415,  -7238,  20153,  18542, -14221,  13977,  -8581, -16638,
      1623,  -4553, -12878,  -2673,  11291,   8606,  -4016, -18249,
     44860, -18249, -14221,  14782,   7263, -10461,     12,  29284,
     -9924,   4040,  -8044,  12365,   1892,  20691,   5114,  13171,
     -2941,  18542,   -793, -19592,  31701,   9948, -10461, -14221,
    -13952,  25256,   4309,   8337, -17175,   2160,   5651,  -6701,
    -32751,  27673,   9948,  22302,   2966, -22814,  34387,  -4821,
      4577,  -2673, -26574,  34387,  -5895,   2966, -55041,  -8581,
     15588,  16125,     12,  16931,  34924,  17736,  -1330,   9948,
    -28454,   2966, -10192,   -524,    549, -51550,  49157,  10217,
      3772, -11266,    549,   2966,   1623,  -3747, -15832,  11560,
     24987,   8337,  -3210,   9411, -13415, -34899, -23083,  30896,
     30358,  32776,   2966,  37072,
    ... 5900 more items
  ],
  _id: new ObjectId("618b957cc659a4b49447289f")
}
{
  device: 'IR',
  sender: 'Anmol',
  version: 1,
  iteration: 4,
  delay: 10,
  zeroValue: 14566,
  description: 'Iron first attempt 3PM Nov 10',
  data: [
    -77331, 56408, -31140, 38147, -28723,  55334, -29260,  34118,
    -81359, 35998, -68737, 59900, -63366,  51843, -25768,  51037,
    -20666, 37878, -49670, 66076, -56921,  54528, -57458,  34387,
     -9924, 46203, -42150, 51574, -21203,  46472, -66589,  59362,
    -37048, 30627, -28723, 54260, -44030,  17736, -26037,  34387,
    -12341,  1086,  -6701, 26330, -42150,  26062,   8337,  11560,
    -20666, 17468,  -1598,  8337, -46984,  42175, -15832,  60974,
     -1867, 25525,  -6970, 18005, -14489,  47277, -16638,  51574,
       549, 12634, -40002, 62854,  14514, -15026, -15026,  19885,
        12, 25256, -21472, 31433, -17980,  49157,   9143, -20129,
     -2673, 17736,  -2404, 19616,  30358,   6189, -28723, -19592,
     15857, 31970,   1892, -2673,  18542,   -256,  41906,  -2941,
     30090, 17468,   -793, 12902,
    ... 5900 more items
  ],
  _id: new ObjectId("618b95bac659a4b4944728a2")
}
{
  device: 'FR',
  sender: 'Anmol',
  version: 1,
  iteration: 0,
  delay: 10,
  zeroValue: 14585,
  description: 'Fridge first attempt 3:30PM Nov 10',
  data: [
     6361,  5556,  3676, -3306, -1426, -5723, -2500, -4917,
    -5186, -4111, -2231, -3037, -1963, -1157,  -620, -2500,
    -4917, -4917, -2231, -5454,  -889, -3037, -2231, -3574,
    -4648, -1157, -2231, -3574, -5454, -1157, -3306, -5186,
    -2231, -5454, -2768, -3574, -3574, -3843, -3037, -5991,
     -889, -4380,  -889, -3037, -4111, -4111, -2231, -3574,
    -7602, -3843, -4917, -4380, -4917, -4917, -3306, -3306,
    -4380, -3574, -2231, -4648, -2231, -3843, -4917, -3306,
      185,   185, -3037, -1963, -4111, -4917, -2500, -2500,
     -889, -2231, -3037, -4111, -3037, -3574, -6797, -4917,
     -620, -1157, -4380, -3037, -1963, -1426, -2231, -3306,
    -7334, -4917, -5454, -4648, -5723,  -620, -1426, -1963,
     -351, -4648,  -620,  -620,
    ... 5900 more items
  ],
  _id: new ObjectId("618b9736c659a4b4944728a5")
}
{
  device: 'FR',
  sender: 'Anmol',
  version: 1,
  iteration: 1,
  delay: 10,
  zeroValue: 14585,
  description: 'Fridge first attempt 3:30PM Nov 10',
  data: [
    -5186, -1963,  -620, -4380, -3574,  -620, -4917, -4917, -5723,
    -2500,  -620, -3306, -4380, -4380, -5723, -3574,  -889, -4917,
    -8945, -2231,  -620, -5991, -6260, -4380,  -620, -1426, -5991,
     -620,  -620, -4111, -2231, -3306, -4380,  -620, -7602, -3037,
    -3574,  -620, -5454, -2500, -1157, -3574, -5723, -3843,  -889,
    -1694, -3306, -4917, -4917,  -889, -3037, -4648, -6797, -4380,
     -620, -4917,   185,  -889, -4380, -4917,  -889, -3574,  1259,
    -1426,  -889, -2231, -6528, -1157, -7334, -5186,  -351,  -620,
    -2500, -2231, -3306, -2231, -3306,  -620, -3037,  -620,  -620,
    -1963, -1694, -1426, -6260, -2500, -4380, -5186,   -83, -3306,
    -4648, -5186, -3843, -4111,  -889, -2231,  -889, -3574, -1426,
      722,
    ... 5900 more items
  ],
  _id: new ObjectId("618b9774c659a4b4944728a8")
}
{
  device: 'FR',
  sender: 'Anmol',
  version: 1,
  iteration: 2,
  delay: 10,
  zeroValue: 14585,
  description: 'Fridge first attempt 3:30PM Nov 10',
  data: [
    -7334, -5454, -9214, -3574, -1157,  -620, -5991, -2500,
    -4917, -6797,   722, -1694,  -889, -3037, -3306, -4917,
    -5186,  -620, -9482, -1694, -3574, -2231, -4648, -4648,
     -351,  -351, -4648, -1694, -3037, -5723, -4380, -6528,
    -3574, -1963, -4648, -6260, -1963,  -620, -1426, -2231,
    -4380, -4917,  -889, -1157, -3306,  -620,  -889, -3037,
    -2231,  -351,  -889, -3306, -3037, -7334, -3037, -1963,
    -1426,  -620, -1426, -4111, -3306,  -889, -3306, -6260,
    -3574, -1694, -4917, -1426, -2231, -4917, -2768, -2500,
    -4111, -4648, -6528, -4648, -4380, -4111, -1157, -8408,
    -3306, -5454, -5186, -4111, -4648, -5454,   185, -3037,
    -5723, -6528,   185,  -620, -1963, -5991, -3037, -1963,
    -1963, -1157,  -620, -3574,
    ... 5900 more items
  ],
  _id: new ObjectId("618b97b2c659a4b4944728ab")
}
{
  device: 'FR',
  sender: 'Anmol',
  version: 1,
  iteration: 3,
  delay: 10,
  zeroValue: 14585,
  description: 'Fridge first attempt 3:30PM Nov 10',
  data: [
    -4380, -1426,  -620, -6260, -4380, -8677, -3574, -4648,
    -6797, -4648, -1963,  -620, -5454, -5186, -5186, -1426,
    -1157, -2231,  -889, -6528, -4111, -3574, -5186, -4380,
    -5186, -5454, -6528, -1426, -1694, -5186, -4917, -2231,
     -620, -4380, -7334, -4111, -4648, -3843, -4111, -3037,
    -3574, -3306, -5186, -1426, -4648,   -83, -3574, -3843,
    -2500, -1963, -3574, -1963, -3037,  -889, -3306, -4917,
    -1157, -2500, -1157, -4648, -3574, -1157, -5454, -1157,
    -4648, -4648, -4917, -5454, -6797, -1963, -3574, -3574,
     -620, -1426, -2231, -5186, -3574,  -889,  -620, -1694,
    -2231, -4648, -4917, -1963, -1694, -1157, -5723, -3574,
     -889,  -889, -5186, -6260, -3306, -5186, -6528, -3037,
    -4111, -4111, -1963,   185,
    ... 5900 more items
  ],
  _id: new ObjectId("618b97efc659a4b4944728ae")
}
{
  device: 'FR',
  sender: 'Anmol',
  version: 1,
  iteration: 4,
  delay: 10,
  zeroValue: 14585,
  description: 'Fridge first attempt 3:30PM Nov 10',
  data: [
    -3574, -6528, -6528, -4648, -2500, -4917, -5723, -3843,
    -5454,  -620, -2500, -2231, -7871, -6260, -8140, -2231,
    -4648, -1963, -1157, -1963, -3306, -2231, -7065, -1157,
    -4111, -3574, -1963,  -620, -4380, -2500, -1694,   -83,
    -6528, -4111, -4111, -5186, -2768, -1963, -2500, -4917,
    -3306, -2231, -2231, -4380, -4917,  -889, -3306, -5186,
    -3037, -6528, -4380, -1963, -3843, -5186, -3843, -3037,
    -5186, -2500, -4648, -4111,   -83, -2231,   -83,  -620,
    -3843, -2231, -4648, -1963, -2500, -3306, -1426, -5454,
    -3037, -7602, -1157, -4111, -4917,  -620, -4111, -2231,
    -1157, -1426,   453, -4648, -4648, -3574, -1963, -4648,
    -4917, -5991, -3037, -1157, -3843, -4917, -2500, -4648,
    -1963, -4648, -4917, -2231,
    ... 5900 more items
  ],
  _id: new ObjectId("618b982dc659a4b4944728b1")
}
{
  device: 'FR',
  sender: 'Anmol',
  version: 1,
  iteration: 5,
  delay: 10,
  zeroValue: 14585,
  description: 'Fridge first attempt 3:30PM Nov 10',
  data: [
    -6528, -4648, -5186, -6797, -6260, -2768, -3574, -4648,  1527,
    -1157, -3306, -3037,  -889,  -620,   722, -3037, -3306, -5723,
    -4917, -3843, -4111, -3843,  -620, -4111, -8677, -1426, -1963,
    -3037, -1963, -7334,  -620, -7065, -3574, -1963, -5186, -1426,
    -8408,  -351, -3037, -3574, -3574, -1694,  -620, -4380,  -620,
    -2231, -2500, -3037, -3306, -3037,  -620, -4380, -1694,   453,
    -6260, -4917,  1259, -3574,  -351, -5186, -3843, -1157, -4111,
    -5723, -5991, -5186,  -351, -3574, -7871, -2231,   990, -3574,
     -889,   722, -4648,   722, -1157, -1426, -3037, -4917, -4917,
    -4111, -1963, -3306,   -83,  -620, -1963, -1157, -4648, -4917,
    -1963, -3306,   -83,  -620, -3037, -4648,  -620, -1157, -3574,
    -7334,
    ... 5900 more items
  ],
  _id: new ObjectId("618b986bc659a4b4944728b4")
}
{
  device: 'FR',
  sender: 'Anmol',
  version: 1,
  iteration: 6,
  delay: 10,
  zeroValue: 14585,
  description: 'Fridge first attempt 3:30PM Nov 10',
  data: [
    -3037, -4111,  -5454, -1963, -7602, -9214, -4648, -6528,
    -1157, -4648,  -2500, -5186, -3574, -4917, -3037, -4648,
     -620, -1963,  -5723, -5186, -5186, -4917, -3306, -4111,
    -5723,  1796,  -3037, -2231, -2231, -2500, -4917, -2231,
    -1963, -5454,   -620, -4380, -4111, -4917, -3843, -2768,
    -1157,  -620,   -620, -4648, -3574, -5454, -2231,  -620,
    -4111, -8140,  -1963, -4648, -3574, -4111, -1963, -5186,
     -620, -1426,   -620, -5186, -1426,   722,  -620, -1694,
    -2500, -3037,  -5186, -4111,   185, -5454, -3574, -5454,
    -4648,  -620,  -4111,   -83, -7602,  -889, -5186, -1157,
    -4917,   990,  -3843, -2500, -4111, -4111, -5186,  -620,
    -4111,  -620, -10825, -2231, -7334, -1157, -4380, -2231,
    -6260, -6797,  -1426, -3843,
    ... 5900 more items
  ],
  _id: new ObjectId("618b98a9c659a4b4944728b7")
}
{
  device: 'FR',
  sender: 'Anmol',
  version: 1,
  iteration: 7,
  delay: 10,
  zeroValue: 14585,
  description: 'Fridge first attempt 3:30PM Nov 10',
  data: [
    -3306, -8677, -6260, -5186, -7871,  -620, -1963, -6260, -5186,
    -7334, -4648,  -620,  -620,  -351, -1963,  -620, -6260, -3574,
    -4917, -5186,  -620, -8140, -1963, -7334, -6797, -4111, -7602,
      185, -1426, -1426, -3037, -4111,  -620, -4380, -1694, -1963,
     -620, -4917, -4917, -4917, -3037,   453, -4648,  -889, -3306,
    -2500, -3306, -3574, -5723, -8140, -2500, -4648,  -620, -5454,
    -5454, -4648, -2500,  -889, -4111, -6528, -1157,   722, -2231,
     -351, -3037, -4111, -5454,   453, -4648, -3574, -5186, -3037,
     -620, -1963,  -889, -2231, -2231,  -889, -3574,  -620, -4917,
    -4111, -1694, -1963,  -620, -4917, -6528, -4380, -4648, -5723,
    -4648, -4917, -3037,   -83,  -620, -1963, -1426,  -620, -5186,
     -620,
    ... 5900 more items
  ],
  _id: new ObjectId("618b98e7c659a4b4944728ba")
}
{
  device: 'FR',
  sender: 'Anmol',
  version: 1,
  iteration: 8,
  delay: 10,
  zeroValue: 14585,
  description: 'Fridge first attempt 3:30PM Nov 10',
  data: [
    -3843, -4380, -9214, -3574, -1963, -2500,  -889, -4380, -3037,
    -2500,   185,  -620,   185,  -889, -3306, -3037, -3574,   185,
    -4917, -3037, -4380, -2500, -4380, -2768, -2500, -3574, -4917,
    -1157, -2768, -3574, -6528,  -889, -3574, -2231, -3037, -3037,
    -4380,  -620, -6797, -3037, -5186,  -351,  -620, -2231,  -351,
    -3306,  -620, -4380, -1963, -2231, -1963, -5186, -2231, -1426,
      722,  -351, -1426, -4111, -2500, -5723, -1963, -4648, -4111,
    -3037,  -889,   185, -3574, -5723, -1963, -4648, -5723, -1963,
    -7334, -1426, -4111, -1157,   185, -2231,  1259, -5186,  1259,
    -1157, -4648, -3306, -1694, -3843, -3037, -2500, -3306,   185,
    -4648, -2231, -1157, -1963, -2231, -6260, -3574, -5186,  -889,
    -2500,
    ... 5900 more items
  ],
  _id: new ObjectId("618b9925c659a4b4944728bd")
}
{
  device: 'FR',
  sender: 'Anmol',
  version: 1,
  iteration: 9,
  delay: 10,
  zeroValue: 14585,
  description: 'Fridge first attempt 3:30PM Nov 10',
  data: [
    -2768, -7602, -5723, -4111, -4380, -4917, -4380, -3037,
    -4380, -3037, -2231, -5186, -4111, -1157, -4380, -1963,
    -2231, -1963, -8140, -1963, -6528, -2231, -6797, -7602,
    -4648, -3574, -4648, -4648, -4917, -5454, -1426, -4648,
     -620, -3574, -3037, -2231, -3306, -3574,   185, -5186,
    -1694, -1157, -1963, -1963, -5186, -2231, -4111, -2231,
      185, -4111, -5186,  -351,  -889, -3037, -4380, -3037,
     -351, -1426, -4648, -4917, -4111, -1426, -4380, -2500,
     -889, -3574, -5454, -2231, -4917, -9482,  -351, -1157,
    -6260, -5186, -3037, -3306, -5454, -5186, -3574, -3037,
    -4648, -1426, -5186,  -889, -1694, -5186, -3306, -4111,
    -4648, -4648, -6260, -4111, -4648, -4111,  -620, -6260,
    -3037, -4648, -5723,  -620,
    ... 5900 more items
  ],
  _id: new ObjectId("618b9963c659a4b4944728c0")
}
{
  device: 'FR',
  sender: 'Anmol',
  version: 1,
  iteration: 10,
  delay: 10,
  zeroValue: 14585,
  description: 'Fridge first attempt 3:30PM Nov 10',
  data: [
    -3574,  -620,  -889, -7334, -4380,   185, -2500,   990, -4917,
    -4917, -1157, -3306, -4917,  -620, -3037, -3037, -4917,  -620,
    -7334, -3574, -1963, -5454, -3306, -3306, -5454, -5186,  -351,
    -5186, -1426, -8677, -1426, -4111, -4917, -3306, -5186, -3843,
    -1157, -5186, -6528, -3574,  -351, -4111, -4111, -3574, -1963,
    -1963, -4917, -2500,  -620,  1796, -4111, -1426,   722, -2231,
    -1963, -5723, -3037, -2231, -5186, -1694, -3037, -4380, -4111,
    -2231, -4380, -2500, -5454, -1426, -3574, -3306,   -83, -2500,
    -1963, -4648, -4648, -4917, -3843,   -83, -3843, -8677, -3306,
      185, -5723, -4648, -1157, -3843, -1426, -6797, -4648,  -351,
    -3037, -2500,  -620,  -620, -2231, -4380, -3574, -4648,   185,
    -3037,
    ... 5900 more items
  ],
  _id: new ObjectId("618b99a1c659a4b4944728c3")
}
{
  device: 'MG',
  sender: 'Anmol',
  version: 1,
  iteration: 0,
  delay: 10,
  zeroValue: 15115,
  description: 'Mixer Grinder first attempt 4PM Nov 10',
  data: [
    17939, 14985, 13105, 11494, 11225, -3544, -1933,  -859,  1826,
    -6230,  6928,  2363,  3169,  5049,  6123,  7734,  6660,  6123,
     3974,  7197,  5317,   752, -1396,  2094,  6391,  8003,  5049,
     7734,  5854,  5586,  7734,  3974,  6928,  8540, 11762,  9614,
     7197,  6928, 11225, 11225, 10151, 12031, 11762, 11494, 10420,
    16059, 14448, 15254, 14448, 16059, 18476, 20893, 29218, 25190,
    21162, 25459, 40229, 30293, 40229, 27876, 20893, 28950, 32441,
    32978, 36201, 33247, 28950, 23042, 31904, 33247, 30561, 25190,
    28950, 27607, 23847, 19013, 13374,  9883, 15522, 12300, 14179,
    10957, 12031, 15791, 13642, 19551, 12837, 10957, 11494, 16865,
    19551, 16059, 24385, 33247, 34858, 33247, 15791, 12300, 14448,
    21968,
    ... 5900 more items
  ],
  _id: new ObjectId("618b9e8cc659a4b4944728c6")
}
{
  device: 'EK',
  sender: 'Anmol',
  version: 1,
  iteration: 0,
  delay: 10,
  zeroValue: 14568,
  description: 'Electric Kettle first attempt 4PM Nov 10',
  data: [
     -10015,   -8941,  -48150, -57281, -17266,   25970, -24248,
       9051,  -36065,  -19683, -33379, -48687,  -25860,  24896,
      39130,  -33648,  -17266, -30425, -30157,    3949,  17108,
      48529,  -12163,    6097, -25323,  25433,   22748, -10552,
      -1153,   21405,   42352, -55938,  10126,  -29888, -25860,
        -78,   24359,   10126, -16729,  -4107,    6097,  43426,
     -53521,   23016,   -8672,  25702,   8514,  -30157,   4755,
      52289,   48798,  -38213, -51104,  46649,   54974,  -1421,
      32684,   -7061,   13348, -30425, -66143,     -78, -23443,
     -33379,  -10552,   39667, -37945,  -1958,   -6792, -22368,
      48798,   14691,  -25860,  20868, -20757,   18719,    189,
      25970,   12543,  -90581,  59271, -59698,   39130, -55132,
      87201,  -52447,  119427, -47881,  42084, -115557,  85858,
    -115288,   51483, -116094, 108685, -60235,   85052, -41704,
     114325, -113140,
    ... 5900 more items
  ],
  _id: new ObjectId("618ba367c659a4b4944728c9")
}
{
  device: 'EK',
  sender: 'Anmol',
  version: 1,
  iteration: 1,
  delay: 10,
  zeroValue: 14568,
  description: 'Electric Kettle first attempt 4PM Nov 10',
  data: [
     -51372, -62920,  -97564,  47186, -22906,   42352,  -38482,
      -4375, -78765,   51483, -89507,  17645,  -19146,   29193,
     -17266,  12543,  -30157, 103314, -34722,  -15386,  -25860,
      89081,    995,   94720, -57281, -17266,  -41436,  -29888,
     -17266,  69208,  -19683,  76727, -56206,   12543, -103203,
      70550, -51641,   88812, -31231,  72699,  -89776,  -25054,
     -81182,  55511,    2606,  72967, -65337,   27045,  -25860,
     112714, -34722,   26508, -31768,  21942,  -22368,    8514,
    -101324,  61957,  -26665,  28924, -30962,   10394, -104546,
      28119, -84136,   34027, -26934,  67865,  -25860,   51752,
     -88433,  73236, -121734,  32953, -58892,   48529,  -81719,
      21405, -55669,  101703, -28814, 120233,  -83062,   20599,
     -95952,  71625, -112334,  29730,   9320,   55243,  -82525,
      55511, -85479,   97675, -38213,  61957, -100518,   90692,
     -57012, 125604,
    ... 5900 more items
  ],
  _id: new ObjectId("618ba3a5c659a4b4944728cc")
}
{
  device: 'EK',
  sender: 'Anmol',
  version: 1,
  iteration: 2,
  delay: 10,
  zeroValue: 14568,
  description: 'Electric Kettle first attempt 4PM Nov 10',
  data: [
    -25860,   -5181, -27740, -61040, -37945,  -11626,  -6792,
       726,  -48150,   6097, -51641,  -5181,   38592, -81450,
     52020,   27582,  28656,  17377, -51909,   57660,  -7329,
    -34453,  -29351,  -5987,  51752,  14691,   35907,   -884,
    -34453,  -50030,  70282,  29730,  -7329,  -21563, -49761,
    -11358,   13617,  57391, -55938,  51483,  -43047,  65985,
     10394,    5829,   1532, -19146,   8783,  -33916, -20489,
    -43047,  -37676,  -8672,   8246,    189,  -48687, -10015,
     21405,   25433,  23553,   9857, -10015,    8514, -95684,
     78339,  -52447,  67328, -29888,  39667,   -5718,  11468,
    -11895,   46112,   6903,  51483, -55669,   98749,  42084,
     34296, -103203,  15765,  -2495,  48529,  -47344, -29619,
    -38750,   30804, -57281,   2875, -27202,   59540, -31231,
     39130,  -52984,  84515, -47613,  90155, -100249,  72162,
    -27471,   47186,
    ... 5900 more items
  ],
  _id: new ObjectId("618ba3e3c659a4b4944728cf")
}
{
  device: 'EK',
  sender: 'Anmol',
  version: 1,
  iteration: 3,
  delay: 10,
  zeroValue: 14568,
  description: 'Electric Kettle first attempt 4PM Nov 10',
  data: [
    -11895, -10821,  45843,  27582, -13238, -17803,  14154, -12700,
    -87359,    726, -55132, -35259, -46538,  43158,  17108,  25433,
      5023, -34453, -39556,  -8672, -55132,  11200, -16460,   6097,
      6634, -30425,   5023,   2875, -13238, -29619,  51752,   2875,
    -31499,   7977, -16997,  37250,  48529,   8783,  56854, -45464,
    -33111,  47186,  76459, -51641,   -616, -13238,  59271, -20757,
     25970, -52447, -22637,  25970,  61420,  32953,   1800,  -3838,
    -49224,  27045,  32684, -39556, -30962, -25054, -17266, -21563,
     54974,   6097, -10552, -25054,  -3570,  27313,  49066, -63726,
    -43047, -12700, -11626,  17914, -29619,  33758,  28656, -17266,
    -60235,  13348, -67754, -32036,  60077,  36713,  13617,  52557,
     44232,  32684,  14423,  -5718,  28119,  -4644,    -78, -65874,
     -6792,  56049,  32953,  44232,
    ... 5900 more items
  ],
  _id: new ObjectId("618ba422c659a4b4944728d2")
}
{
  device: 'EK',
  sender: 'Anmol',
  version: 1,
  iteration: 4,
  delay: 10,
  zeroValue: 14568,
  description: 'Electric Kettle first attempt 4PM Nov 10',
  data: [
    -36333,   1800, -27740,  13348, -35796,  15765, -44121,  32953,
     13885,   4486, -30425, -29619,  17914,  -2764, -41436, -25054,
    -58623,  25702,  70550, -48955,  39398, -17534,  -3838, -12700,
    -53252,  27582,  11468, -49224, -26397,  81024,  41278, -55938,
    -34991, -25860,  45843,  23016,   4486, -31768,   9589,  18719,
     24359, -15923, -55938,  12811,  26508, -59966, -33379, -11895,
     13617,  17377, -45464,   8783,  51215,  15497,  49872, -14849,
    -54595,  34027,  47723, -12432, -63726, -32036, -12163,  21136,
    -50567, -79839,  -6524, -40362, -51641,  14154,    189, -53521,
    -21294,  17108, -50298, -17266,  49872,  46649, -39287,  54974,
     27582,  47992,  -3301,  20062,  17645, -56475, -24517,   7709,
     38324, -15386,  22748,  38861,  34027,  33758,    726,  51215,
    -10552,  54437,  37250,    189,
    ... 5900 more items
  ],
  _id: new ObjectId("618ba460c659a4b4944728d5")
}
